<?xml version="1.0" encoding="UTF-8"?>
<!-- Generated by org.testng.reporters.JUnitReportReporter -->
<testsuite hostname="Rohits-MacBook-Pro.local" failures="0" tests="2" name="com.Flipkart.testcases.FlipkartTest" time="35.774" errors="0" timestamp="26 Mar 2021 16:25:13 GMT" skipped="0">
  <testcase classname="com.Flipkart.testcases.FlipkartTest" name="HomepageValidation" time="5.827"/>
  <testcase classname="com.Flipkart.testcases.FlipkartTest" name="ApplyFilters" time="29.947"/>
</testsuite> <!-- com.Flipkart.testcases.FlipkartTest -->
